<!DOCTYPE html PUBLIC "-//W3C//DTD XHTML 1.1//EN" "http://www.w3.org/TR/xhtml11/DTD/xhtml11.dtd">
<html xmlns="http://www.w3.org/1999/xhtml"><head><title>TestNG Report</title><style type="text/css">table {margin-bottom:10px;border-collapse:collapse;empty-cells:show}th,td {border:1px solid #009;padding:.25em .5em}th {vertical-align:bottom}td {vertical-align:top}table a {font-weight:bold}.stripe td {background-color: #E6EBF9}.num {text-align:right}.passedodd td {background-color: #3F3}.passedeven td {background-color: #0A0}.skippedodd td {background-color: #DDD}.skippedeven td {background-color: #CCC}.failedodd td,.attn {background-color: #F33}.failedeven td,.stripe .attn {background-color: #D00}.stacktrace {white-space:pre;font-family:monospace}.totop {font-size:85%;text-align:center;border-bottom:2px solid #000}</style></head><body><table><tr><th>Test</th><th># Passed</th><th># Skipped</th><th># Failed</th><th>Time (ms)</th><th>Included Groups</th><th>Excluded Groups</th></tr><tr><th colspan="7">Command line suite</th></tr><tr><td><a href="#t0">Command line test</a></td><td class="num">3</td><td class="num">0</td><td class="num attn">6</td><td class="num">336,266</td><td></td><td></td></tr></table><table id='summary'><thead><tr><th>Class</th><th>Method</th><th>Start</th><th>Time (ms)</th></tr></thead><tbody><tr><th colspan="4">Command line suite</th></tr></tbody><tbody id="t0"><tr><th colspan="4">Command line test &#8212; failed</th></tr><tr class="failedeven"><td rowspan="1">com.vTiger.CreateOrganizationTest.CreateDuplicateOrganizationTest</td><td><a href="#m0">cretaeDuplicate_OrgTest</a></td><td rowspan="1">1574181153198</td><td rowspan="1">20746</td></tr><tr class="failedodd"><td rowspan="1">com.vTiger.CreateOrganizationTest.CreateDuplicateOrganizationUsingQuickCreateTest</td><td><a href="#m1">qc_Duplicate_Organization</a></td><td rowspan="1">1574181194363</td><td rowspan="1">13057</td></tr><tr class="failedeven"><td rowspan="1">com.vTiger.CreateOrganizationTest.CreateInvalidOrganizationTest</td><td><a href="#m2">create_Invalid_OrganizationTest</a></td><td rowspan="1">1574181225766</td><td rowspan="1">7388</td></tr><tr class="failedodd"><td rowspan="1">com.vTiger.CreateOrganizationTest.CreateOrganizationAssignToUserTest</td><td><a href="#m3">assignUser</a></td><td rowspan="1">1574181292267</td><td rowspan="1">21729</td></tr><tr class="failedeven"><td rowspan="1">com.vTiger.CreateOrganizationTest.CreateOrganizationTest</td><td><a href="#m4">createOrganization</a></td><td rowspan="1">1574181332906</td><td rowspan="1">8736</td></tr><tr class="failedodd"><td rowspan="1">com.vTiger.CreateOrganizationTest.CreateOrganizationUsingQuickCreateAndAssignToGroupTest</td><td><a href="#m5">qc_GroupAssign</a></td><td rowspan="1">1574181364083</td><td rowspan="1">25976</td></tr><tr><th colspan="4">Command line test &#8212; passed</th></tr><tr class="passedeven"><td rowspan="1">com.vTiger.CreateOrganizationTest.CreateOrganizationAssignToGroupTest</td><td><a href="#m6">assignTOGroupTest</a></td><td rowspan="1">1574181253119</td><td rowspan="1">18479</td></tr><tr class="passedodd"><td rowspan="1">com.vTiger.CreateOrganizationTest.CreateOrganization_Assign_IndustryTest</td><td><a href="#m7">assignIndustryTest</a></td><td rowspan="1">1574181410734</td><td rowspan="1">17350</td></tr><tr class="passedeven"><td rowspan="1">com.vTiger.CreateOrganizationTest.CreateOrganization_Assign_MemberOfTest</td><td><a href="#m8">assignMember</a></td><td rowspan="1">1574181445123</td><td rowspan="1">26012</td></tr></tbody></table><h2>Command line test</h2><h3 id="m0">com.vTiger.CreateOrganizationTest.CreateDuplicateOrganizationTest#cretaeDuplicate_OrgTest</h3><table class="result"><tr><th>Messages</th></tr><tr><td><div class="messages">Organization Page Displayed Successfully</div></td></tr><tr><th>Exception</th></tr><tr><td><div class="stacktrace">java.lang.AssertionError: expected [Organization Name Already Exists!] but found [Organization Name Already Exists]
	at com.vTiger.CreateOrganizationTest.CreateDuplicateOrganizationTest.cretaeDuplicate_OrgTest(CreateDuplicateOrganizationTest.java:77)
... Removed 41 stack frames</div></td></tr></table><p class="totop"><a href="#summary">back to summary</a></p><h3 id="m1">com.vTiger.CreateOrganizationTest.CreateDuplicateOrganizationUsingQuickCreateTest#qc_Duplicate_Organization</h3><table class="result"><tr><th>Exception</th></tr><tr><td><div class="stacktrace">java.lang.AssertionError: expected [Organization Name Already Exists!] but found [Organization Name Already Exists]
	at com.vTiger.CreateOrganizationTest.CreateDuplicateOrganizationUsingQuickCreateTest.qc_Duplicate_Organization(CreateDuplicateOrganizationUsingQuickCreateTest.java:62)
... Removed 41 stack frames</div></td></tr></table><p class="totop"><a href="#summary">back to summary</a></p><h3 id="m2">com.vTiger.CreateOrganizationTest.CreateInvalidOrganizationTest#create_Invalid_OrganizationTest</h3><table class="result"><tr><th>Exception</th></tr><tr><td><div class="stacktrace">java.lang.AssertionError: expected [Administrator - Organizations - vtiger CRM 5 - Commercial Open Source CRM] but found [null]
	at com.vTiger.CreateOrganizationTest.CreateInvalidOrganizationTest.create_Invalid_OrganizationTest(CreateInvalidOrganizationTest.java:26)
... Removed 41 stack frames</div></td></tr></table><p class="totop"><a href="#summary">back to summary</a></p><h3 id="m3">com.vTiger.CreateOrganizationTest.CreateOrganizationAssignToUserTest#assignUser</h3><table class="result"><tr><th>Exception</th></tr><tr><td><div class="stacktrace">org.openqa.selenium.NoSuchElementException: Cannot locate an element using xpath=//b//a[contains(text(),&apos;Dhana&apos;)]
For documentation on this error, please visit: https://www.seleniumhq.org/exceptions/no_such_element.html
Build info: version: &apos;3.141.59&apos;, revision: &apos;e82be7d358&apos;, time: &apos;2018-11-14T08:17:03&apos;
System info: host: &apos;LAPTOP-PTI6DNB4&apos;, ip: &apos;192.168.0.107&apos;, os.name: &apos;Windows 10&apos;, os.arch: &apos;amd64&apos;, os.version: &apos;10.0&apos;, java.version: &apos;1.8.0_162&apos;
Driver info: driver.version: RemoteWebDriver
	at org.openqa.selenium.remote.RemoteWebDriver.findElement(RemoteWebDriver.java:327)
	at org.openqa.selenium.remote.RemoteWebDriver.findElementByXPath(RemoteWebDriver.java:428)
	at org.openqa.selenium.By$ByXPath.findElement(By.java:353)
	at org.openqa.selenium.remote.RemoteWebDriver.findElement(RemoteWebDriver.java:315)
	at com.vTiger.CreateOrganizationTest.CreateOrganizationAssignToUserTest.assignUser(CreateOrganizationAssignToUserTest.java:49)
... Removed 35 stack frames</div></td></tr></table><p class="totop"><a href="#summary">back to summary</a></p><h3 id="m4">com.vTiger.CreateOrganizationTest.CreateOrganizationTest#createOrganization</h3><table class="result"><tr><th>Exception</th></tr><tr><td><div class="stacktrace">org.openqa.selenium.InvalidSelectorException: invalid selector: An invalid or illegal selector was specified
  (Session info: chrome=78.0.3904.108)
For documentation on this error, please visit: https://www.seleniumhq.org/exceptions/invalid_selector_exception.html
Build info: version: &apos;3.141.59&apos;, revision: &apos;e82be7d358&apos;, time: &apos;2018-11-14T08:17:03&apos;
System info: host: &apos;LAPTOP-PTI6DNB4&apos;, ip: &apos;192.168.0.107&apos;, os.name: &apos;Windows 10&apos;, os.arch: &apos;amd64&apos;, os.version: &apos;10.0&apos;, java.version: &apos;1.8.0_162&apos;
Driver info: org.openqa.selenium.chrome.ChromeDriver
Capabilities {acceptInsecureCerts: false, browserName: chrome, browserVersion: 78.0.3904.108, chrome: {chromedriverVersion: 78.0.3904.105 (60e2d8774a81..., userDataDir: C:\Users\lenovo\AppData\Loc...}, goog:chromeOptions: {debuggerAddress: localhost:63305}, javascriptEnabled: true, networkConnectionEnabled: false, pageLoadStrategy: normal, platform: XP, platformName: XP, proxy: Proxy(), setWindowRect: true, strictFileInteractability: false, timeouts: {implicit: 0, pageLoad: 300000, script: 30000}, unhandledPromptBehavior: dismiss and notify}
Session ID: 0069ad02bcc154ea60b76a3666eabba0
*** Element info: {Using=id, value=}
	at org.openqa.selenium.remote.http.W3CHttpResponseCodec.createException(W3CHttpResponseCodec.java:187)
	at org.openqa.selenium.remote.http.W3CHttpResponseCodec.decode(W3CHttpResponseCodec.java:122)
	at org.openqa.selenium.remote.http.W3CHttpResponseCodec.decode(W3CHttpResponseCodec.java:49)
	at org.openqa.selenium.remote.HttpCommandExecutor.execute(HttpCommandExecutor.java:158)
	at org.openqa.selenium.remote.service.DriverCommandExecutor.execute(DriverCommandExecutor.java:83)
	at org.openqa.selenium.remote.RemoteWebDriver.execute(RemoteWebDriver.java:552)
	at org.openqa.selenium.remote.RemoteWebDriver.findElement(RemoteWebDriver.java:323)
	at org.openqa.selenium.remote.RemoteWebDriver.findElementById(RemoteWebDriver.java:372)
	at org.openqa.selenium.By$ById.findElement(By.java:188)
	at org.openqa.selenium.remote.RemoteWebDriver.findElement(RemoteWebDriver.java:315)
	at org.openqa.selenium.support.pagefactory.DefaultElementLocator.findElement(DefaultElementLocator.java:69)
	at org.openqa.selenium.support.pagefactory.internal.LocatingElementHandler.invoke(LocatingElementHandler.java:38)
	at com.sun.proxy.$Proxy10.click(Unknown Source)
	at com.vTiger.CreateOrganizationTest.CreateOrganizationTest.createOrganization(CreateOrganizationTest.java:40)
... Removed 39 stack frames</div></td></tr></table><p class="totop"><a href="#summary">back to summary</a></p><h3 id="m5">com.vTiger.CreateOrganizationTest.CreateOrganizationUsingQuickCreateAndAssignToGroupTest#qc_GroupAssign</h3><table class="result"><tr><th>Exception</th></tr><tr><td><div class="stacktrace">org.openqa.selenium.NoSuchElementException: no such element: Unable to locate element: {&quot;method&quot;:&quot;xpath&quot;,&quot;selector&quot;:&quot;//input[@value=&apos;S&apos;]&quot;}
  (Session info: chrome=78.0.3904.108)
For documentation on this error, please visit: https://www.seleniumhq.org/exceptions/no_such_element.html
Build info: version: &apos;3.141.59&apos;, revision: &apos;e82be7d358&apos;, time: &apos;2018-11-14T08:17:03&apos;
System info: host: &apos;LAPTOP-PTI6DNB4&apos;, ip: &apos;192.168.0.107&apos;, os.name: &apos;Windows 10&apos;, os.arch: &apos;amd64&apos;, os.version: &apos;10.0&apos;, java.version: &apos;1.8.0_162&apos;
Driver info: org.openqa.selenium.chrome.ChromeDriver
Capabilities {acceptInsecureCerts: false, browserName: chrome, browserVersion: 78.0.3904.108, chrome: {chromedriverVersion: 78.0.3904.105 (60e2d8774a81..., userDataDir: C:\Users\lenovo\AppData\Loc...}, goog:chromeOptions: {debuggerAddress: localhost:63343}, javascriptEnabled: true, networkConnectionEnabled: false, pageLoadStrategy: normal, platform: XP, platformName: XP, proxy: Proxy(), setWindowRect: true, strictFileInteractability: false, timeouts: {implicit: 0, pageLoad: 300000, script: 30000}, unhandledPromptBehavior: dismiss and notify}
Session ID: 84300c504b3503d8186073ddf737bbd5
*** Element info: {Using=xpath, value=//input[@value=&apos;S&apos;]}
	at org.openqa.selenium.remote.http.W3CHttpResponseCodec.createException(W3CHttpResponseCodec.java:187)
	at org.openqa.selenium.remote.http.W3CHttpResponseCodec.decode(W3CHttpResponseCodec.java:122)
	at org.openqa.selenium.remote.http.W3CHttpResponseCodec.decode(W3CHttpResponseCodec.java:49)
	at org.openqa.selenium.remote.HttpCommandExecutor.execute(HttpCommandExecutor.java:158)
	at org.openqa.selenium.remote.service.DriverCommandExecutor.execute(DriverCommandExecutor.java:83)
	at org.openqa.selenium.remote.RemoteWebDriver.execute(RemoteWebDriver.java:552)
	at org.openqa.selenium.remote.RemoteWebDriver.findElement(RemoteWebDriver.java:323)
	at org.openqa.selenium.remote.RemoteWebDriver.findElementByXPath(RemoteWebDriver.java:428)
	at org.openqa.selenium.By$ByXPath.findElement(By.java:353)
	at org.openqa.selenium.remote.RemoteWebDriver.findElement(RemoteWebDriver.java:315)
	at com.vTiger.CreateOrganizationTest.CreateOrganizationUsingQuickCreateAndAssignToGroupTest.qc_GroupAssign(CreateOrganizationUsingQuickCreateAndAssignToGroupTest.java:29)
... Removed 39 stack frames</div></td></tr></table><p class="totop"><a href="#summary">back to summary</a></p><h3 id="m6">com.vTiger.CreateOrganizationTest.CreateOrganizationAssignToGroupTest#assignTOGroupTest</h3><table class="result"><tr><th>Messages</th></tr><tr><td><div class="messages">Organization Created Successfully</div></td></tr></table><p class="totop"><a href="#summary">back to summary</a></p><h3 id="m7">com.vTiger.CreateOrganizationTest.CreateOrganization_Assign_IndustryTest#assignIndustryTest</h3><table class="result"><tr><th>Messages</th></tr><tr><td><div class="messages">Organization page Displayed Successfully<br/>Organization created Successfully</div></td></tr></table><p class="totop"><a href="#summary">back to summary</a></p><h3 id="m8">com.vTiger.CreateOrganizationTest.CreateOrganization_Assign_MemberOfTest#assignMember</h3><table class="result"><tr><th>Messages</th></tr><tr><td><div class="messages">Organization Created Successfully</div></td></tr></table><p class="totop"><a href="#summary">back to summary</a></p></body></html>